Performing C++ SOURCE FILE Test CMAKE_HAVE_LIBC_PTHREAD failed with the following output:
Change Dir: D:/Qt examples/xpainter/build/CMakeFiles/CMakeScratch/TryCompile-pzf759

Run Build Command(s):D:/VS 2022/MSBuild/Current/Bin/amd64/MSBuild.exe cmTC_fd6b7.vcxproj /p:Configuration=Debug /p:Platform=x64 /p:VisualStudioVersion=17.0 /v:m && MSBuild version 17.4.1+9a89d02ff for .NET Framework
  Microsoft (R) C/C++ Optimizing Compiler Version 19.34.31937 for x64
  src.cxx
  Copyright (C) Microsoft Corporation.  All rights reserved.
  cl /c /Zi /W3 /WX- /diagnostics:column /Od /Ob0 /D _MBCS /D WIN32 /D _WINDOWS /D CMAKE_HAVE_LIBC_PTHREAD /D "CMAKE_INTDIR=\"Debug\"" /Gm- /EHsc /RTC1 /MDd /GS /fp:precise /Zc:wchar_t /Zc:forScope /Zc:inline /GR /std:c++17 /Fo"cmTC_fd6b7.dir\Debug\\" /Fd"cmTC_fd6b7.dir\Debug\vc143.pdb" /external:W3 /Gd /TP /errorReport:queue "D:\Qt examples\xpainter\build\CMakeFiles\CMakeScratch\TryCompile-pzf759\src.cxx"
D:\Qt examples\xpainter\build\CMakeFiles\CMakeScratch\TryCompile-pzf759\src.cxx(1,10): fatal  error C1083: Cannot open include file: 'pthread.h': No such file or directory [D:\Qt examples\xpainter\build\CMakeFiles\CMakeScratch\TryCompile-pzf759\cmTC_fd6b7.vcxproj]


Source file was:
#include <pthread.h>

static void* test_func(void* data)
{
  return data;
}

int main(void)
{
  pthread_t thread;
  pthread_create(&thread, NULL, test_func, NULL);
  pthread_detach(thread);
  pthread_cancel(thread);
  pthread_join(thread, NULL);
  pthread_atfork(NULL, NULL, NULL);
  pthread_exit(NULL);

  return 0;
}


Determining if the function pthread_create exists in the pthreads failed with the following output:
Change Dir: D:/Qt examples/xpainter/build/CMakeFiles/CMakeScratch/TryCompile-kcy68m

Run Build Command(s):D:/VS 2022/MSBuild/Current/Bin/amd64/MSBuild.exe cmTC_cc848.vcxproj /p:Configuration=Debug /p:Platform=x64 /p:VisualStudioVersion=17.0 /v:m && MSBuild version 17.4.1+9a89d02ff for .NET Framework
  Microsoft (R) C/C++ Optimizing Compiler Version 19.34.31937 for x64
  CheckFunctionExists.cxx
  Copyright (C) Microsoft Corporation.  All rights reserved.
  cl /c /Zi /W3 /WX- /diagnostics:column /Od /Ob0 /D _MBCS /D WIN32 /D _WINDOWS /D CHECK_FUNCTION_EXISTS=pthread_create /D "CMAKE_INTDIR=\"Debug\"" /Gm- /EHsc /RTC1 /MDd /GS /fp:precise /Zc:wchar_t /Zc:forScope /Zc:inline /GR /std:c++17 /Fo"cmTC_cc848.dir\Debug\\" /Fd"cmTC_cc848.dir\Debug\vc143.pdb" /external:W3 /Gd /TP /errorReport:queue "D:\Qt examples\xpainter\build\CMakeFiles\CMakeScratch\TryCompile-kcy68m\CheckFunctionExists.cxx"
LINK : fatal error LNK1104: cannot open file 'pthreads.lib' [D:\Qt examples\xpainter\build\CMakeFiles\CMakeScratch\TryCompile-kcy68m\cmTC_cc848.vcxproj]



Determining if the function pthread_create exists in the pthread failed with the following output:
Change Dir: D:/Qt examples/xpainter/build/CMakeFiles/CMakeScratch/TryCompile-ubqo17

Run Build Command(s):D:/VS 2022/MSBuild/Current/Bin/amd64/MSBuild.exe cmTC_61880.vcxproj /p:Configuration=Debug /p:Platform=x64 /p:VisualStudioVersion=17.0 /v:m && MSBuild version 17.4.1+9a89d02ff for .NET Framework
  Microsoft (R) C/C++ Optimizing Compiler Version 19.34.31937 for x64
  CheckFunctionExists.cxx
  Copyright (C) Microsoft Corporation.  All rights reserved.
  cl /c /Zi /W3 /WX- /diagnostics:column /Od /Ob0 /D _MBCS /D WIN32 /D _WINDOWS /D CHECK_FUNCTION_EXISTS=pthread_create /D "CMAKE_INTDIR=\"Debug\"" /Gm- /EHsc /RTC1 /MDd /GS /fp:precise /Zc:wchar_t /Zc:forScope /Zc:inline /GR /std:c++17 /Fo"cmTC_61880.dir\Debug\\" /Fd"cmTC_61880.dir\Debug\vc143.pdb" /external:W3 /Gd /TP /errorReport:queue "D:\Qt examples\xpainter\build\CMakeFiles\CMakeScratch\TryCompile-ubqo17\CheckFunctionExists.cxx"
LINK : fatal error LNK1104: cannot open file 'pthread.lib' [D:\Qt examples\xpainter\build\CMakeFiles\CMakeScratch\TryCompile-ubqo17\cmTC_61880.vcxproj]



